"../../../../../../Projekty/Unreal Engine/Survival/Content/Blueprints/Inventory/ItemManagerBP.uasset" 0
"../../../../../../Projekty/Unreal Engine/Survival/Content/Blueprints/PlayerGameInstanceBP.uasset" 1
"../../../../../../Projekty/Unreal Engine/Survival/Content/Levels/Forest.uasset" 2
"../../../Engine/Content/Animation/DefaultAnimCurveCompressionSettings.uasset" 3
"../../../Engine/Content/Functions/Engine_MaterialFunctions01/Opacity/CameraDepthFade.uasset" 4
"../../../Engine/Content/EngineMaterials/T_Default_Material_Grid_N.uasset" 5
"../../../Engine/Content/EngineMaterials/T_Default_Material_Grid_M.uasset" 6
"../../../Engine/Content/EngineMaterials/WorldGridMaterial.uasset" 7
"../../../Engine/Content/ArtTools/RenderToTexture/Meshes/S_1_Unit_Plane.uasset" 8
"../../../Engine/Content/EngineMaterials/DefaultMaterial.uasset" 9
"../../../Engine/Content/BasicShapes/Cone.uasset" 10
"../../../Engine/Content/BasicShapes/Plane.uasset" 11
"../../../Engine/Content/BasicShapes/Sphere.uasset" 12
"../../../Engine/Content/EditorLandscapeResources/DataLayer.uasset" 13
"../../../Engine/Content/EditorLandscapeResources/DefaultAlphaTexture.uasset" 14
"../../../Engine/Content/EditorMaterials/MAT_Groups_Toggle.uasset" 15
"../../../Engine/Content/EditorMaterials/MAT_Groups_Visibility.uasset" 16
"../../../Engine/Content/EditorMaterials/PreviewShadowIndicator.uasset" 17
"../../../Engine/Content/EditorMaterials/PreviewShadowIndicatorMaterial.uasset" 18
"../../../Engine/Content/EditorMaterials/MatineeGroups/MAT_ColorTrack.uasset" 19
"../../../Engine/Content/EditorMaterials/MatineeGroups/MAT_Groups_Anim.uasset" 20
"../../../Engine/Content/EditorMaterials/MatineeGroups/MAT_Groups_AudioMaster.uasset" 21
"../../../Engine/Content/EditorMaterials/MatineeGroups/MAT_Groups_Director.uasset" 22
"../../../Engine/Content/EditorMaterials/MatineeGroups/MAT_Groups_Event.uasset" 23
"../../../Engine/Content/EditorMaterials/MatineeGroups/MAT_Groups_Fade.uasset" 24
"../../../Engine/Content/EditorMaterials/MatineeGroups/MAT_Groups_Float.uasset" 25
"../../../Engine/Content/EditorMaterials/MatineeGroups/MAT_Groups_Move.uasset" 26
"../../../Engine/Content/EditorMaterials/MatineeGroups/MAT_Groups_Slomo.uasset" 27
"../../../Engine/Content/EditorMaterials/MatineeGroups/MAT_Groups_Sound.uasset" 28
"../../../Engine/Content/EditorMaterials/MatineeGroups/MAT_Groups_Vector.uasset" 29
"../../../Engine/Content/EditorMaterials/ParticleSystems/PSysThumbnail_NoImage.uasset" 30
"../../../Engine/Content/EditorMaterials/ParticleSystems/PSysThumbnail_OOD.uasset" 31
"../../../Engine/Content/EditorMaterials/Camera/CineMat.uasset" 32
"../../../Engine/Content/EditorMaterials/Camera/MI_CineMat_Rig.uasset" 33
"../../../Engine/Content/EditorMeshes/Camera/SM_CraneRig_Arm.uasset" 34
"../../../Engine/Content/EditorMeshes/Camera/SM_CraneRig_Base.uasset" 35
"../../../Engine/Content/EditorMeshes/Camera/SM_CraneRig_Body.uasset" 36
"../../../Engine/Content/EditorMeshes/Camera/SM_CraneRig_Mount.uasset" 37
"../../../Engine/Content/EditorMeshes/Camera/SM_RailRig_Mount.uasset" 38
"../../../Engine/Content/EditorMeshes/Camera/SM_RailRig_Track.uasset" 39
"../../../Engine/Content/EditorResources/BSPVertex.uasset" 40
"../../../Engine/Content/EditorResources/EmptyActor.uasset" 41
"../../../Engine/Content/EditorResources/S_Actor.uasset" 42
"../../../Engine/Content/EditorResources/S_Note.uasset" 43
"../../../Engine/Content/EditorResources/S_Solver.uasset" 44
"../../../Engine/Content/EditorResources/S_Terrain.uasset" 45
"../../../Engine/Content/EditorResources/S_Trigger.uasset" 46
"../../../Engine/Content/EditorResources/AudioIcons/S_AudioComponent_AutoActivate.uasset" 47
"../../../Engine/Content/EditorResources/LightIcons/S_LightError.uasset" 48
"../../../Engine/Content/EditorResources/SequenceRecorder/Countdown.uasset" 49
"../../../Engine/Content/EditorResources/SequenceRecorder/RecordingIndicator.uasset" 50
"../../../Engine/Content/EngineDamageTypes/DmgTypeBP_Environmental.uasset" 51
"../../../Engine/Content/EngineDebugMaterials/DebugEditorMaterial.uasset" 52
"../../../Engine/Content/EngineDebugMaterials/DebugMeshMaterial.uasset" 53
"../../../Engine/Content/EngineDebugMaterials/M_SimpleUnlitTranslucent.uasset" 54
"../../../Engine/Content/EngineDebugMaterials/VolumeToRender.uasset" 55
"../../../Engine/Content/Functions/Engine_MaterialFunctions02/Utility/CameraDirectionVector.uasset" 56
"../../../Engine/Content/EngineDebugMaterials/M_VolumeRenderSphereTracePP.uasset" 57
"../../../Engine/Content/Functions/Engine_MaterialFunctions01/Shading/ConvertFromDiffSpec.uasset" 58
"../../../Engine/Content/EngineDebugMaterials/VertexColorMaterial.uasset" 59
"../../../Engine/Content/EngineDebugMaterials/WireframeMaterial.uasset" 60
"../../../Engine/Content/EngineMaterials/BaseFlattenNormalMap.uasset" 61
"../../../Engine/Content/EngineMaterials/BaseFlattenGrayscaleMap.uasset" 62
"../../../Engine/Content/EngineMaterials/BaseFlattenEmissiveMap.uasset" 63
"../../../Engine/Content/EngineMaterials/BaseFlattenDiffuseMap.uasset" 64
"../../../Engine/Content/EngineMaterials/BaseFlattenMaterial.uasset" 65
"../../../Engine/Content/EngineMaterials/BlueNoise.uasset" 66
"../../../Engine/Content/EngineMaterials/DefaultBloomKernel.uasset" 67
"../../../Engine/Content/EngineMaterials/DefaultBokeh.uasset" 68
"../../../Engine/Content/EngineMaterials/DefaultDiffuse.uasset" 69
"../../../Engine/Content/EngineMaterials/DefaultDeferredDecalMaterial.uasset" 70
"../../../Engine/Content/EngineMaterials/DefaultLightFunctionMaterial.uasset" 71
"../../../Engine/Content/Functions/Engine_MaterialFunctions02/Utility/BreakOutFloat2Components.uasset" 72
"../../../Engine/Content/EngineMaterials/DefaultPostProcessMaterial.uasset" 73
"../../../Engine/Content/EngineFonts/RobotoDistanceField.uasset" 74
"../../../Engine/Content/EngineMaterials/DefaultTextMaterialOpaque.uasset" 75
"../../../Engine/Content/EngineMaterials/DefaultWhiteGrid.uasset" 76
"../../../Engine/Content/EngineMaterials/DefaultWhiteGrid_Low.uasset" 77
"../../../Engine/Content/EngineMaterials/EmissiveMeshMaterial.uasset" 78
"../../../Engine/Content/EngineMaterials/GizmoMaterial.uasset" 79
"../../../Engine/Content/EngineMaterials/Good64x64TilingNoiseHighFreq.uasset" 80
"../../../Engine/Content/EngineMaterials/MiniFont.uasset" 81
"../../../Engine/Content/EngineMaterials/InvalidLightmapSettings.uasset" 82
"../../../Engine/Content/EngineMaterials/M_InvalidLightmapSettings.uasset" 83
"../../../Engine/Content/Functions/Engine_MaterialFunctions02/WorldPositionOffset/CameraOffset.uasset" 84
"../../../Engine/Content/EngineMaterials/PhAT_JointLimitMaterial.uasset" 85
"../../../Engine/Content/EngineMaterials/PreintegratedSkinBRDF.uasset" 86
"../../../Engine/Content/EngineMaterials/RemoveSurfaceMaterial.uasset" 87
"../../../Engine/Content/EngineMaterials/WeightMapPlaceholderTexture.uasset" 88
"../../../Engine/Content/EngineResources/WhiteSquareTexture.uasset" 89
"../../../Engine/Content/EngineMaterials/Widget3DPassThrough.uasset" 90
"../../../Engine/Content/EngineMaterials/Widget3DPassThrough_Masked.uasset" 91
"../../../Engine/Content/EngineMaterials/Widget3DPassThrough_Opaque.uasset" 92
"../../../Engine/Content/EngineMaterials/Widget3DPassThrough_Masked_OneSided.uasset" 93
"../../../Engine/Content/EngineMaterials/Widget3DPassThrough_Opaque_OneSided.uasset" 94
"../../../Engine/Content/EngineMaterials/Widget3DPassThrough_Translucent.uasset" 95
"../../../Engine/Content/EngineMaterials/Widget3DPassThrough_Translucent_OneSided.uasset" 96
"../../../Engine/Content/EngineMeshes/Cylinder.uasset" 97
"../../../Engine/Content/EngineMeshes/Sphere.uasset" 98
"../../../Engine/Content/EngineResources/Black.uasset" 99
"../../../Engine/Content/EngineResources/DefaultTextureCube.uasset" 100
"../../../Engine/Content/EngineResources/DefaultVolumeTexture2D.uasset" 101
"../../../Engine/Content/EngineResources/DefaultVolumeTexture.uasset" 102
"../../../Engine/Content/EngineResources/GradientTexture0.uasset" 103
"../../../Engine/Content/EngineSky/VolumetricClouds/T_NoiseShape64.uasset" 104
"../../../Engine/Content/EngineSky/VolumetricClouds/T_VolumeNoiseShape64.uasset" 105
"../../../Engine/Content/EngineSky/VolumetricClouds/T_NoiseErosion.uasset" 106
"../../../Engine/Content/EngineSky/VolumetricClouds/T_VolumeNoiseErosion32.uasset" 107
"../../../Engine/Content/EngineSky/VolumetricClouds/CloudWeatherTexture.uasset" 108
"../../../Engine/Content/EngineSky/VolumetricClouds/CloudGradientTexture.uasset" 109
"../../../Engine/Content/Functions/Engine_MaterialFunctions02/Utility/MakeFloat2.uasset" 110
"../../../Engine/Content/EngineSky/VolumetricClouds/m_SimpleVolumetricCloud.uasset" 111
"../../../Engine/Content/EngineSky/VolumetricClouds/m_SimpleVolumetricCloud_Inst.uasset" 112
"../../../Engine/Content/EngineSounds/Master.uasset" 113
"../../../Engine/Content/Functions/Engine_MaterialFunctions01/Shading/PowerToRoughness.uasset" 114
"../../../Engine/Content/Maps/Templates/Thumbnails/Default.uasset" 115
"../../../Engine/Content/Maps/Templates/Thumbnails/TimeOfDay.uasset" 116
"../../../Engine/Content/Maps/Templates/Thumbnails/VR-Basic.uasset" 117
"../../../Engine/Content/MobileResources/T_MobileControls_texture.uasset" 118
"../../../Engine/Content/MobileResources/T_MobileMenu2.uasset" 119
"../../../Engine/Content/MobileResources/HUD/AnalogHat.uasset" 120
"../../../Engine/Content/MobileResources/HUD/VirtualJoystick_Thumb.uasset" 121
"../../../Engine/Content/MobileResources/HUD/VirtualJoystick_Background.uasset" 122
"../../../Engine/Content/MobileResources/HUD/DefaultVirtualJoysticks.uasset" 123
"../../../Engine/Content/MobileResources/HUD/LeftVirtualJoystickOnly.uasset" 124
"../../../Engine/Content/MobileResources/HUD/MobileHUDButton1_off.uasset" 125
"../../../Engine/Content/MobileResources/HUD/MobileHUDButton1_on.uasset" 126
"../../../Engine/Content/MobileResources/HUD/MobileHUDButton2_off.uasset" 127
"../../../Engine/Content/MobileResources/HUD/MobileHUDButton2_on.uasset" 128
"../../../Engine/Content/MobileResources/HUD/MobileHUDButton3.uasset" 129
"../../../Engine/Content/MobileResources/HUD/MobileHUDButtonFire.uasset" 130
"../../../Engine/Content/MobileResources/HUD/MobileHUDDirectionPad.uasset" 131
"../../../Engine/Content/MobileResources/HUD/MobileHUDDirectionPad2.uasset" 132
"../../../Engine/Content/MobileResources/HUD/MobileHUDDirectionPad3.uasset" 133
"../../../Engine/Content/MobileResources/HUD/MobileHUDDirectionStick.uasset" 134
"../../../Engine/Content/MobileResources/HUD/T_Castle_ThumbstickInner.uasset" 135
"../../../Engine/Content/MobileResources/HUD/T_Castle_ThumbstickOutter.uasset" 136
"../../../Engine/Content/Tutorial/ContentIntroCurve.uasset" 137
"../../../Engine/Content/Tutorial/Basics/LevelEditorAttract.uasset" 138
"../../../Engine/Content/Tutorial/Basics/TutorialAssets/icon_tab_Levels_40x.uasset" 139
"../../../Engine/Content/Tutorial/Basics/LevelEditorOverview.uasset" 140
"../../../Engine/Content/VREditor/TransformGizmo/TranslucentTransformGizmoMaterial.uasset" 141
"../../../Engine/Content/VREditor/LaserPointer/VR_LaserPower_01.uasset" 142
"../../../Engine/Content/VREditor/TransformGizmo/TransformGizmoMaterial.uasset" 143
"../../../Engine/Content/VREditor/TransformGizmo/BoundingBoxCorner.uasset" 144
"../../../Engine/Content/VREditor/TransformGizmo/BoundingBoxEdge.uasset" 145
"../../../Engine/Content/VREditor/TransformGizmo/PlaneTranslationHandle.uasset" 146
"../../../Engine/Content/VREditor/TransformGizmo/Xray.uasset" 147
"../../../Engine/Content/VREditor/TransformGizmo/Main.uasset" 148
"../../../Engine/Content/VREditor/TransformGizmo/SM_Sequencer_Key.uasset" 149
"../../../Engine/Content/VREditor/TransformGizmo/SM_Sequencer_Node.uasset" 150
"../../Plugins/2D/Paper2D/Content/PlaceholderTextures/DummySpriteTexture.uasset" 151
"../../Plugins/2D/Paper2D/Content/DummySprite.uasset" 152
"../../Plugins/2D/Paper2D/Content/DefaultPaperTerrainMaterial.uasset" 153
"../../Plugins/2D/Paper2D/Content/DefaultSpriteMaterial.uasset" 154
"../../Plugins/2D/Paper2D/Content/MaskedUnlitSpriteMaterial.uasset" 155
"../../Plugins/2D/Paper2D/Content/OpaqueUnlitSpriteMaterial.uasset" 156
"../../../Engine/Content/Functions/Engine_MaterialFunctions02/Utility/BreakOutFloat3Components.uasset" 157
"../../Plugins/Editor/SpeedTreeImporter/Content/SpeedTree9/UnpackInteger3.uasset" 158
"../../Plugins/Editor/SpeedTreeImporter/Content/SpeedTree9/UnpackDirection.uasset" 159
"../../Plugins/Editor/SpeedTreeImporter/Content/SpeedTree9/game_wind_noise.uasset" 160
"../../../Engine/Content/Functions/Engine_MaterialFunctions02/SafeNormalize.uasset" 161
"../../Plugins/Editor/SpeedTreeImporter/Content/SpeedTree9/SpeedTreeWindMotion.uasset" 162
"../../Plugins/Editor/SpeedTreeImporter/Content/SpeedTree9/SpeedTreeBranchMotion.uasset" 163
"../../../Engine/Content/Functions/Engine_MaterialFunctions02/ObjectLocalBounds.uasset" 164
"../../../Engine/Content/Functions/Engine_MaterialFunctions02/UVs/BoundingBoxBased_0-1_UVW.uasset" 165
"../../Plugins/Editor/SpeedTreeImporter/Content/SpeedTree9/SpeedTreeWind.uasset" 166
"../../Plugins/Editor/SpeedTreeImporter/Content/SpeedTree9/SpeedTreeBillboard.uasset" 167
"../../../Engine/Content/EngineResources/DefaultTexture.uasset" 168
"../../Plugins/Editor/SpeedTreeImporter/Content/SpeedTree9/SpeedTreeBillboardMaster.uasset" 169
"../../Plugins/Editor/SpeedTreeImporter/Content/SpeedTree9/SpeedTreeCameraFacing.uasset" 170
"../../Plugins/Editor/SpeedTreeImporter/Content/SpeedTree9/SpeedTreeMaster.uasset" 171
"../../../Engine/Content/BasicShapes/Cylinder.uasset" 172
"../../../Engine/Content/ArtTools/RenderToTexture/Materials/Debug/M_Emissive_Color.uasset" 173
"../../Plugins/Lumin/MagicLeapPassableWorld/Content/MagicLeapARPinInfoActor.uasset" 174
"../../../Engine/Content/Functions/Engine_MaterialFunctions02/Utility/BreakOutFloat4Components.uasset" 175
"../../../Engine/Content/Functions/Engine_MaterialFunctions02/Utility/MakeFloat3.uasset" 176
"../../Plugins/Runtime/Oculus/OculusVR/Content/Materials/OculusMR_ChromaKey.uasset" 177
"../../Plugins/Runtime/Oculus/OculusVR/Content/Materials/OculusMR_OpaqueColoredMaterial.uasset" 178
"../../Plugins/Runtime/Oculus/OculusVR/Content/Materials/PokeAHoleMaterial.uasset" 179
"../../../Engine/Content/EditorBlueprintResources/StandardMacros.uasset" 180
"../../../../../../Projekty/Unreal Engine/Survival/Content/Textures/UI/clearBackground.uasset" 181
"../../../../../../Projekty/Unreal Engine/Survival/Content/Audio/Soundly/Human__Misc__Finger_Click_SND23076.uasset" 182
"../../../Engine/Content/EngineFonts/Faces/RobotoRegular.uasset" 183
"../../../Engine/Content/EngineFonts/Faces/RobotoLight.uasset" 184
"../../../Engine/Content/EngineFonts/Faces/RobotoItalic.uasset" 185
"../../../Engine/Content/EngineFonts/Faces/RobotoBoldItalic.uasset" 186
"../../../Engine/Content/EngineFonts/Faces/RobotoBold.uasset" 187
"../../../Engine/Content/EngineFonts/Faces/DroidSansFallback.uasset" 188
"../../../Engine/Content/EngineFonts/Roboto.uasset" 189
"../../../../../../Projekty/Unreal Engine/Survival/Content/Textures/UI/ClearbackgroundBigger.uasset" 190
"../../../../../../Projekty/Unreal Engine/Survival/Content/DataAssets/Styles/BorderButtonStyle.uasset" 191
"../../../../../../Projekty/Unreal Engine/Survival/Content/Blueprints/UI/Settings/SettingsWidgetElement.uasset" 192
"../../../../../../Projekty/Unreal Engine/Survival/Content/Blueprints/UI/Settings/SettingsWidget.uasset" 193
"../../../../../../Projekty/Unreal Engine/Survival/Content/LowPoly/Helpers/SelectorMat.uasset" 194
"../../../../../../Projekty/Unreal Engine/Survival/Content/LowPoly/Helpers/Selector.uasset" 195
"../../../../../../Projekty/Unreal Engine/Survival/Content/Blueprints/Selector.uasset" 196
"../../../../../../Projekty/Unreal Engine/Survival/Content/LowPoly/Dark/Character/BaseCharacter/Materials/SharedMaterials/Eyes.uasset" 197
"../../../../../../Projekty/Unreal Engine/Survival/Content/LowPoly/Dark/Character/BaseCharacter/Materials/Legs.uasset" 198
"../../../../../../Projekty/Unreal Engine/Survival/Content/LowPoly/Dark/Character/BaseCharacter/Materials/Hair.uasset" 199
"../../../../../../Projekty/Unreal Engine/Survival/Content/LowPoly/Dark/Character/BaseCharacter/BaseCharacter_PhysicsAsset.uasset" 200
"../../../../../../Projekty/Unreal Engine/Survival/Content/LowPoly/Dark/Character/BaseCharacter/Materials/Shoes.uasset" 201
"../../../../../../Projekty/Unreal Engine/Survival/Content/LowPoly/Dark/Character/BaseCharacter/Materials/Shirt.uasset" 202
"../../../../../../Projekty/Unreal Engine/Survival/Content/LowPoly/Dark/Character/BaseCharacter/Materials/SharedMaterials/SkinWhite.uasset" 203
"../../../../../../Projekty/Unreal Engine/Survival/Content/LowPoly/Dark/Character/BaseCharacter/BaseCharacter_Skeleton.uasset" 204
"../../../../../../Projekty/Unreal Engine/Survival/Content/LowPoly/Dark/Character/BaseCharacter/BaseCharacter.uasset" 205
"../../../../../../Projekty/Unreal Engine/Survival/Content/DataAssets/Statuses/StarvingStatus.uasset" 206
"../../../../../../Projekty/Unreal Engine/Survival/Content/DataAssets/Statuses/DehydrationStatus.uasset" 207
"../../../../../../Projekty/Unreal Engine/Survival/Content/DataAssets/Statuses/BleedingStatus.uasset" 208
"../../../../../../Projekty/Unreal Engine/Survival/Content/DataAssets/Statuses/AloneStatus.uasset" 209
"../../../../../../Projekty/Unreal Engine/Survival/Content/Textures/UI/NPC_Faces/MarkFace.uasset" 210
"../../../../../../Projekty/Unreal Engine/Survival/Content/DataAssets/Personalities/Funny.uasset" 211
"../../../../../../Projekty/Unreal Engine/Survival/Content/DataAssets/Personalities/Extraverted.uasset" 212
"../../../../../../Projekty/Unreal Engine/Survival/Content/DataAssets/NPCData/MarkData.uasset" 213
"../../../Engine/Content/Animation/DefaultAnimBoneCompressionSettings.uasset" 214
"../../../../../../Projekty/Unreal Engine/Survival/Content/LowPoly/Dark/Character/BaseCharacter/BaseCharacter_metarigAction_002.uasset" 215
"../../../../../../Projekty/Unreal Engine/Survival/Content/LowPoly/Dark/Character/BaseCharacter/BaseCharacter_metarig_metarigAction_001.uasset" 216
"../../../../../../Projekty/Unreal Engine/Survival/Content/LowPoly/Dark/Character/BaseCharacter/BaseCharacter_metarig_metarigAction.uasset" 217
"../../../../../../Projekty/Unreal Engine/Survival/Content/LowPoly/Dark/Character/BaseCharacter/BaseCharacter_metarig_Action.uasset" 218
"../../../../../../Projekty/Unreal Engine/Survival/Content/LowPoly/Dark/Character/BaseCharacter/BaseCharacter_Action_001.uasset" 219
"../../../../../../Projekty/Unreal Engine/Survival/Content/Blueprints/AI/BaseCharacterAnimBP.uasset" 220
"../../../../../../Projekty/Unreal Engine/Survival/Content/Blueprints/AI/AIControllerBP.uasset" 221
"../../../../../../Projekty/Unreal Engine/Survival/Content/Blueprints/AI/BPAICharacterBase.uasset" 222
"../../../../../../Projekty/Unreal Engine/Survival/Content/Audio/Freesounds/519112__trimono__approving-hm.uasset" 223
"../../../../../../Projekty/Unreal Engine/Survival/Content/Blueprints/BPPlayerControler.uasset" 224
"../../Plugins/FX/Niagara/Content/Enums/ENiagaraSystemInactiveMode.uasset" 225
"../../Plugins/FX/Niagara/Content/Enums/ENiagaraSphereDistributionMode.uasset" 226
"../../Plugins/FX/Niagara/Content/Enums/ENiagaraScaleColorMode.uasset" 227
"../../Plugins/FX/Niagara/Content/Enums/ENiagaraRandomnessMode.uasset" 228
"../../Plugins/FX/Niagara/Content/Enums/ENiagaraRandomnessEvaluation.uasset" 229
"../../Plugins/FX/Niagara/Content/Enums/ENiagaraMassByVolume.uasset" 230
"../../Plugins/FX/Niagara/Content/Enums/ENiagaraInactiveMode.uasset" 231
"../../Plugins/FX/Niagara/Content/Enums/ENiagaraExpansionMode.uasset" 232
"../../Plugins/FX/Niagara/Content/Enums/ENiagaraEmitterScalabilityMode_Limited.uasset" 233
"../../Plugins/FX/Niagara/Content/Enums/ENiagaraEmitterLifeCycleMode.uasset" 234
"../../Plugins/FX/Niagara/Content/Enums/ENiagaraCoordinateSpace.uasset" 235
"../../Plugins/FX/Niagara/Content/Enums/ENiagaraChannelCorrelation.uasset" 236
"../../Plugins/FX/Niagara/Content/Enums/ENiagara_UVFlippingMode.uasset" 237
"../../Plugins/FX/Niagara/Content/Enums/ENiagara_SpriteRotationMode.uasset" 238
"../../Plugins/FX/Niagara/Content/Enums/ENiagara_SizeScaleMode.uasset" 239
"../../Plugins/FX/Niagara/Content/Enums/ENiagara_PositionInitializationMode.uasset" 240
"../../Plugins/FX/Niagara/Content/Enums/ENiagara_MassInitializationMode.uasset" 241
"../../Plugins/FX/Niagara/Content/Enums/ENiagara_InfiniteLoopDuration.uasset" 242
"../../Plugins/FX/Niagara/Content/Enums/ENiagara_EmitterStateOptions.uasset" 243
"../../Plugins/FX/Niagara/Content/Enums/ENiagara_ColorInitializationMode.uasset" 244
"../../Plugins/FX/Niagara/Content/Modules/Update/Size/ScaleSpriteSize.uasset" 245
"../../Plugins/FX/Niagara/Content/Modules/Update/Mass/CalculateSizeAndRotationalInertiaByMass.uasset" 246
"../../Plugins/FX/Niagara/Content/Modules/Update/Lifetime/ParticleState.uasset" 247
"../../Plugins/FX/Niagara/Content/Functions/Localspace/TransformBase.uasset" 248
"../../Plugins/FX/Niagara/Content/Functions/Localspace/TransformVector.uasset" 249
"../../Plugins/FX/Niagara/Content/Modules/Update/Forces/GravityForce.uasset" 250
"../../Plugins/FX/Niagara/Content/Modules/Update/Forces/Drag.uasset" 251
"../../Plugins/FX/Niagara/Content/Modules/Update/Color/ScaleColor.uasset" 252
"../../Plugins/FX/Niagara/Content/Functions/System/SystemChangeState.uasset" 253
"../../Plugins/FX/Niagara/Content/Modules/System/SystemState.uasset" 254
"../../Plugins/FX/Niagara/Content/Functions/GetRandomInfo.uasset" 255
"../../Plugins/FX/Niagara/Content/Functions/RandomRangeFloat.uasset" 256
"../../Plugins/FX/Niagara/Content/Functions/RandomUnitVector.uasset" 257
"../../Plugins/FX/Niagara/Content/Functions/RandomVector.uasset" 258
"../../Plugins/FX/Niagara/Content/Functions/DirectionAndLengthSafe.uasset" 259
"../../Plugins/FX/Niagara/Content/Functions/NormalizeDistanceRange.uasset" 260
"../../Plugins/FX/Niagara/Content/Functions/DistanceBasedFalloff.uasset" 261
"../../Plugins/FX/Niagara/Content/Functions/Localspace/SimulationPosition.uasset" 262
"../../Plugins/FX/Niagara/Content/Modules/Spawn/Velocity/AddVelocityFromPoint.uasset" 263
"../../Plugins/FX/Niagara/Content/Functions/V2/CalculateRandomRange.uasset" 264
"../../Plugins/FX/Niagara/Content/Functions/V2/CalculateRandomPointInSphere.uasset" 265
"../../Plugins/FX/Niagara/Content/Functions/SphericalToCartesianCoordinates.uasset" 266
"../../Plugins/FX/Niagara/Content/Functions/Rotation/MultiplyVectorWithQuaternion.uasset" 267
"../../Plugins/FX/Niagara/Content/Functions/Rotation/FindQuatBetween.uasset" 268
"../../Plugins/FX/Niagara/Content/Modules/Spawn/Location/V2/SphereLocation.uasset" 269
"../../Plugins/FX/Niagara/Content/Functions/V2/CalculateRandomRangeInteger.uasset" 270
"../../Plugins/FX/Niagara/Content/Functions/V2/CalculateRandomBool.uasset" 271
"../../Plugins/FX/Niagara/Content/Functions/V2/CalculateRandomRangeFloat.uasset" 272
"../../Plugins/FX/Niagara/Content/Functions/LinearColor/HueShiftLinearColor.uasset" 273
"../../Plugins/FX/Niagara/Content/Enums/ENiagara_LifetimeMode.uasset" 274
"../../Plugins/FX/Niagara/Content/Modules/Spawn/Initialization/V2/InitializeParticle.uasset" 275
"../../Plugins/FX/Niagara/Content/Modules/Solvers/SolveForcesAndVelocity.uasset" 276
"../../Plugins/FX/Niagara/Content/Modules/Emitter/SpawnBurst_Instantaneous.uasset" 277
"../../Plugins/FX/Niagara/Content/Functions/Emitter/EmitterChangeState.uasset" 278
"../../Plugins/FX/Niagara/Content/Enums/ENiagaraExecutionStateManagement.uasset" 279
"../../Plugins/FX/Niagara/Content/Modules/Emitter/EmitterState.uasset" 280
"../../Plugins/FX/Niagara/Content/DynamicInputs/ValueFromCurve/FloatFromCurve.uasset" 281
"../../Plugins/FX/Niagara/Content/DynamicInputs/UniformRange/V2/RandomRangeFloat.uasset" 282
"../../Plugins/FX/Niagara/Content/DynamicInputs/TypeConversions/Vector2DFromFloat.uasset" 283
"../../Plugins/FX/Niagara/Content/DynamicInputs/Helpers/SimulationPosition.uasset" 284
"../../Plugins/FX/Niagara/Content/DefaultAssets/DefaultSpriteMaterial.uasset" 285
"../../../../../../Projekty/Unreal Engine/Survival/Content/FX/DestroyFX.uasset" 286
"../../../../../../Projekty/Unreal Engine/Survival/Content/LowPoly/Items/WaterBottle/BottleCap.uasset" 287
"../../../../../../Projekty/Unreal Engine/Survival/Content/LowPoly/Items/WaterBottle/Bottle.uasset" 288
"../../../../../../Projekty/Unreal Engine/Survival/Content/LowPoly/Items/WaterBottle/WaterBottle.uasset" 289
"../../../../../../Projekty/Unreal Engine/Survival/Content/Blueprints/ItemActors/Consumable/WaterBottleBP.uasset" 290
"../../../../../../Projekty/Unreal Engine/Survival/Content/Textures/UI/ItemIcons/WaterBottleIcon.uasset" 291
"../../../../../../Projekty/Unreal Engine/Survival/Content/Textures/UI/ItemIcons/EmptyBottleIcon.uasset" 292
"../../../../../../Projekty/Unreal Engine/Survival/Content/DataAssets/Items/EmptyPlasticBottle.uasset" 293
"../../../../../../Projekty/Unreal Engine/Survival/Content/DataAssets/Items/Consumable/WaterBottleItem.uasset" 294
"../../../../../../Projekty/Unreal Engine/Survival/Content/Textures/UI/ItemIcons/PizzaIcon.uasset" 295
"../../../../../../Projekty/Unreal Engine/Survival/Content/DataAssets/Items/Consumable/PizzaItem.uasset" 296
"../../../../../../Projekty/Unreal Engine/Survival/Content/LowPoly/Items/EnergyBar/EnergyBarSides.uasset" 297
"../../../../../../Projekty/Unreal Engine/Survival/Content/LowPoly/Items/EnergyBar/EnergyBarCenter.uasset" 298
"../../../../../../Projekty/Unreal Engine/Survival/Content/LowPoly/Items/EnergyBar/EnergyBar.uasset" 299
"../../../../../../Projekty/Unreal Engine/Survival/Content/Blueprints/ItemActors/Consumable/EnergyBarItemBP.uasset" 300
"../../../../../../Projekty/Unreal Engine/Survival/Content/Textures/UI/ItemIcons/EnergyBarIcon.uasset" 301
"../../../../../../Projekty/Unreal Engine/Survival/Content/DataAssets/Items/Consumable/EnergyBarItem.uasset" 302
"../../../../../../Projekty/Unreal Engine/Survival/Content/LowPoly/Dark/WoodLog/WoodCenter.uasset" 303
"../../../../../../Projekty/Unreal Engine/Survival/Content/LowPoly/Dark/WoodLog/Wood.uasset" 304
"../../../../../../Projekty/Unreal Engine/Survival/Content/LowPoly/Dark/WoodLog/WoodLog.uasset" 305
"../../../../../../Projekty/Unreal Engine/Survival/Content/Blueprints/ItemActors/Consumable/WoodItemBP.uasset" 306
"../../../../../../Projekty/Unreal Engine/Survival/Content/Blueprints/ItemActors/WoodItemBP.uasset" 307
"../../../../../../Projekty/Unreal Engine/Survival/Content/Textures/UI/ItemIcons/WoodIcon.uasset" 308
"../../../../../../Projekty/Unreal Engine/Survival/Content/DataAssets/Items/WoodItem.uasset" 309
"../../../../../../Projekty/Unreal Engine/Survival/Content/LowPoly/Dark/Rock/StoneMat.uasset" 310
"../../../../../../Projekty/Unreal Engine/Survival/Content/LowPoly/StoneMat.uasset" 311
"../../../../../../Projekty/Unreal Engine/Survival/Content/LowPoly/Dark/Rock/FatRock.uasset" 312
"../../../../../../Projekty/Unreal Engine/Survival/Content/Blueprints/ItemActors/StoneItemBP.uasset" 313
"../../../../../../Projekty/Unreal Engine/Survival/Content/Textures/UI/ItemIcons/RockIcon.uasset" 314
"../../../../../../Projekty/Unreal Engine/Survival/Content/DataAssets/Items/StoneItem.uasset" 315
"../../../../../../Projekty/Unreal Engine/Survival/Content/LowPoly/Items/RedApple/AppleBranch.uasset" 316
"../../../../../../Projekty/Unreal Engine/Survival/Content/LowPoly/Items/RedApple/AppleBody.uasset" 317
"../../../../../../Projekty/Unreal Engine/Survival/Content/LowPoly/Items/RedApple/Apple.uasset" 318
"../../../../../../Projekty/Unreal Engine/Survival/Content/Blueprints/ItemActors/Consumable/AppleItemBP.uasset" 319
"../../../../../../Projekty/Unreal Engine/Survival/Content/Blueprints/ItemActors/AppleItemBP.uasset" 320
"../../../../../../Projekty/Unreal Engine/Survival/Content/Textures/UI/ItemIcons/AppleIcon.uasset" 321
"../../../../../../Projekty/Unreal Engine/Survival/Content/DataAssets/Items/Consumable/AppleItem.uasset" 322
"../../../../../../Projekty/Unreal Engine/Survival/Content/Blueprints/Scavenge/ScavengeManagerBP.uasset" 323
"../../../../../../Projekty/Unreal Engine/Survival/Content/Audio/Soundly/Bullet__Impact__Wood__Heavy_1_SND6413.uasset" 324
"../../../../../../Projekty/Unreal Engine/Survival/Content/Audio/Soundly/Trailer_Sub__Thump__Short__Processed_04_SND36003.uasset" 325
"../../../../../../Projekty/Unreal Engine/Survival/Content/Materials/BuildPrototypeBaseMat.uasset" 326
"../../../../../../Projekty/Unreal Engine/Survival/Content/Materials/BuildPrototypeGoodMat_Inst.uasset" 327
"../../../../../../Projekty/Unreal Engine/Survival/Content/Materials/BuildPrototypeBadMat_Inst.uasset" 328
"../../../../../../Projekty/Unreal Engine/Survival/Content/Audio/Soundly/Tools__Axe__Chop_Wood_6_SND29235.uasset" 329
"../../../../../../Projekty/Unreal Engine/Survival/Content/LowPoly/Buildable/Architecture/Wall.uasset" 330
"../../../../../../Projekty/Unreal Engine/Survival/Content/LowPoly/Buildable/Architecture/WallMat.uasset" 331
"../../../../../../Projekty/Unreal Engine/Survival/Content/Blueprints/Building/Architecture/Built/WallBP.uasset" 332
"../../../../../../Projekty/Unreal Engine/Survival/Content/LowPoly/Buildable/Architecture/Floor.uasset" 333
"../../../../../../Projekty/Unreal Engine/Survival/Content/LowPoly/Buildable/Architecture/FloorMat.uasset" 334
"../../../../../../Projekty/Unreal Engine/Survival/Content/Blueprints/Building/Architecture/Built/FloorBP.uasset" 335
"../../../../../../Projekty/Unreal Engine/Survival/Content/Blueprints/Building/BuildingManagerBP.uasset" 336
"../../../../../../Projekty/Unreal Engine/Survival/Content/Blueprints/PlayerGameModeBP.uasset" 337
"../../../../../../Projekty/Unreal Engine/Survival/Content/Audio/Soundly/Light_Switch__Flick_11_SND24378.uasset" 338
"../../../../../../Projekty/Unreal Engine/Survival/Content/DataAssets/Styles/DefaultButtonStyle.uasset" 339
"../../../../../../Projekty/Unreal Engine/Survival/Content/Textures/UI/Scavenge/HomeIcon.uasset" 340
"../../../../../../Projekty/Unreal Engine/Survival/Content/Blueprints/UI/Scavenge/ScavengeNPCElementWidget.uasset" 341
"../../../../../../Projekty/Unreal Engine/Survival/Content/Blueprints/UI/Scavenge/ScavengeGroupElement.uasset" 342
"../../../../../../Projekty/Unreal Engine/Survival/Content/Blueprints/UI/Scavenge/ScavengePanelWidget.uasset" 343
"../../../../../../Projekty/Unreal Engine/Survival/Content/Blueprints/UI/Inventory/InventoryTradeWidgetBP.uasset" 344
"../../../../../../Projekty/Unreal Engine/Survival/Content/Blueprints/UI/Inventory/InventoryitemInfo.uasset" 345
"../../../../../../Projekty/Unreal Engine/Survival/Content/Blueprints/UI/Inventory/InventoryEquipmentElementWidget.uasset" 346
"../../../../../../Projekty/Unreal Engine/Survival/Content/Blueprints/UI/Inventory/InventoryEquipmentWidget.uasset" 347
"../../../../../../Projekty/Unreal Engine/Survival/Content/Blueprints/UI/Inventory/InventoryElementWidgetBP.uasset" 348
"../../../../../../Projekty/Unreal Engine/Survival/Content/LowPoly/Dark/Character/BaseCharacter/Backpack/BackpackMat.uasset" 349
"../../../../../../Projekty/Unreal Engine/Survival/Content/LowPoly/Dark/Character/BaseCharacter/Backpack/Backpack.uasset" 350
"../../../../../../Projekty/Unreal Engine/Survival/Content/LowPoly/Dark/Character/BaseCharacter/Materials/Shirt3.uasset" 351
"../../../../../../Projekty/Unreal Engine/Survival/Content/LowPoly/Dark/Character/BaseCharacter/Materials/Legs3.uasset" 352
"../../../../../../Projekty/Unreal Engine/Survival/Content/LowPoly/Items/Axe/Iron.uasset" 353
"../../../../../../Projekty/Unreal Engine/Survival/Content/LowPoly/Items/Axe/Handle.uasset" 354
"../../../../../../Projekty/Unreal Engine/Survival/Content/LowPoly/Items/Axe/Axe.uasset" 355
"../../../../../../Projekty/Unreal Engine/Survival/Content/Blueprints/ItemActors/StoneAxeItemBP.uasset" 356
"../../../../../../Projekty/Unreal Engine/Survival/Content/Textures/UI/ItemIcons/AxeIcon.uasset" 357
"../../../../../../Projekty/Unreal Engine/Survival/Content/DataAssets/Items/StoneAxeItem.uasset" 358
"../../../../../../Projekty/Unreal Engine/Survival/Content/Blueprints/Dialogs/StartTradeTest.uasset" 359
"../../../../../../Projekty/Unreal Engine/Survival/Content/Blueprints/Dialogs/EndDialogueEvent.uasset" 360
"../../../../../../Projekty/Unreal Engine/Survival/Content/DataAssets/Dialogs/TradeDialogueData.uasset" 361
"../../../../../../Projekty/Unreal Engine/Survival/Content/DataAssets/Dialogs/TradeDialogData.uasset" 362
"../../../../../../Projekty/Unreal Engine/Survival/Content/Blueprints/AI/Trader/TraderBP.uasset" 363
"../../../../../../Projekty/Unreal Engine/Survival/Content/Blueprints/UI/Inventory/InventoryWidgetBP.uasset" 364
"../../../../../../Projekty/Unreal Engine/Survival/Content/Blueprints/UI/Interaction/WorkTable/ItemToCreateElementWidget.uasset" 365
"../../../../../../Projekty/Unreal Engine/Survival/Content/Textures/UI/ItemIcons/StickIcon.uasset" 366
"../../../../../../Projekty/Unreal Engine/Survival/Content/DataAssets/Items/StickItem.uasset" 367
"../../../../../../Projekty/Unreal Engine/Survival/Content/DataAssets/Craft/StoneAxeCraft.uasset" 368
"../../../../../../Projekty/Unreal Engine/Survival/Content/DataAssets/Craft/StickCraft.uasset" 369
"../../../../../../Projekty/Unreal Engine/Survival/Content/Blueprints/UI/Interaction/WorkTable/WorkTableWorldWidget.uasset" 370
"../../../../../../Projekty/Unreal Engine/Survival/Content/LowPoly/Dark/WorkTable/Wood.uasset" 371
"../../../../../../Projekty/Unreal Engine/Survival/Content/LowPoly/Dark/WorkTable/WorkTable.uasset" 372
"../../../../../../Projekty/Unreal Engine/Survival/Content/Blueprints/Building/Furnitures/Built/WorkTableToBuild.uasset" 373
"../../../../../../Projekty/Unreal Engine/Survival/Content/Blueprints/UI/Interaction/WorkTable/WorkTableWidget.uasset" 374
"../../../../../../Projekty/Unreal Engine/Survival/Content/Blueprints/UI/Interaction/ItemActor/ItemActorInfoWidget.uasset" 375
"../../../../../../Projekty/Unreal Engine/Survival/Content/Blueprints/UI/Interaction/InteractionElementWidget.uasset" 376
"../../../../../../Projekty/Unreal Engine/Survival/Content/Blueprints/UI/Interaction/InteractionWidget.uasset" 377
"../../../../../../Projekty/Unreal Engine/Survival/Content/Blueprints/UI/Interaction/Destructible/DestructProgressWidget.uasset" 378
"../../../../../../Projekty/Unreal Engine/Survival/Content/Blueprints/UI/Dialog/DialogElementWidget.uasset" 379
"../../../../../../Projekty/Unreal Engine/Survival/Content/Blueprints/UI/Dialog/DialogWidget.uasset" 380
"../../../../../../Projekty/Unreal Engine/Survival/Content/Blueprints/UI/Crew/NPCInfo/NPCStatusElement.uasset" 381
"../../../../../../Projekty/Unreal Engine/Survival/Content/Blueprints/UI/Crew/NPCInfo/StatusesPanelWidget.uasset" 382
"../../../../../../Projekty/Unreal Engine/Survival/Content/Blueprints/UI/Crew/NPCInfo/NPCRelationElementWidget.uasset" 383
"../../../../../../Projekty/Unreal Engine/Survival/Content/Blueprints/UI/Crew/NPCInfo/RelationsPanelWidget.uasset" 384
"../../../../../../Projekty/Unreal Engine/Survival/Content/Blueprints/UI/Crew/NPCInfo/NPCPersonalityElement.uasset" 385
"../../../../../../Projekty/Unreal Engine/Survival/Content/Blueprints/UI/Crew/NPCInfo/PersonalityPanelWidget.uasset" 386
"../../../../../../Projekty/Unreal Engine/Survival/Content/Blueprints/UI/Crew/NPCInfo/NPCNeedElement.uasset" 387
"../../../../../../Projekty/Unreal Engine/Survival/Content/Blueprints/UI/Crew/NPCInfo/NeedsPanelWidget.uasset" 388
"../../../../../../Projekty/Unreal Engine/Survival/Content/Blueprints/UI/Crew/NPCInfo/NPCInfoWidget.uasset" 389
"../../../../../../Projekty/Unreal Engine/Survival/Content/Blueprints/UI/Crew/CrewElementWidget.uasset" 390
"../../../../../../Projekty/Unreal Engine/Survival/Content/Blueprints/UI/Crew/CrewWidget.uasset" 391
"../../../../../../Projekty/Unreal Engine/Survival/Content/Textures/UI/BuildingIcon.uasset" 392
"../../../../../../Projekty/Unreal Engine/Survival/Content/Blueprints/UI/Building/BuildingElementWidget.uasset" 393
"../../../../../../Projekty/Unreal Engine/Survival/Content/Audio/Soundly/Bullet__Impact__Metal__Heavy_1_SND6400.uasset" 394
"../../../../../../Projekty/Unreal Engine/Survival/Content/Textures/UI/BuildingsIcons/WorkTable.uasset" 395
"../../../../../../Projekty/Unreal Engine/Survival/Content/Blueprints/UI/Building/BuildingPrototypeWidgetBP.uasset" 396
"../../../../../../Projekty/Unreal Engine/Survival/Content/Blueprints/Building/Furnitures/Prototypes/WorkTablePrototypeBP.uasset" 397
"../../../../../../Projekty/Unreal Engine/Survival/Content/Textures/UI/BuildingsIcons/FenceIcon.uasset" 398
"../../../../../../Projekty/Unreal Engine/Survival/Content/LowPoly/Dark/Fence/FenceMat.uasset" 399
"../../../../../../Projekty/Unreal Engine/Survival/Content/LowPoly/Dark/Fence/Fence.uasset" 400
"../../../../../../Projekty/Unreal Engine/Survival/Content/Blueprints/Building/Furnitures/Built/FenceToBuild.uasset" 401
"../../../../../../Projekty/Unreal Engine/Survival/Content/Blueprints/Building/Furnitures/Prototypes/FencePrototypeBP.uasset" 402
"../../../../../../Projekty/Unreal Engine/Survival/Content/Textures/UI/BuildingsIcons/CampfireIcon.uasset" 403
"../../../../../../Projekty/Unreal Engine/Survival/Content/LowPoly/Dark/Campfire/Wood.uasset" 404
"../../../../../../Projekty/Unreal Engine/Survival/Content/LowPoly/Dark/Campfire/Rock.uasset" 405
"../../../../../../Projekty/Unreal Engine/Survival/Content/LowPoly/Dark/Campfire/Campfire.uasset" 406
"../../../../../../Projekty/Unreal Engine/Survival/Content/Audio/Soundly/Rock__Impact__Rubble_1_SND30254.uasset" 407
"../../../../../../Projekty/Unreal Engine/Survival/Content/Blueprints/Building/Furnitures/Built/CampfireToBuild.uasset" 408
"../../../../../../Projekty/Unreal Engine/Survival/Content/Blueprints/Building/Furnitures/Prototypes/CampfirePrototypeBP.uasset" 409
"../../../../../../Projekty/Unreal Engine/Survival/Content/Textures/UI/BuildingsIcons/BedIcon.uasset" 410
"../../../../../../Projekty/Unreal Engine/Survival/Content/LowPoly/Dark/Bed/BedMat2.uasset" 411
"../../../../../../Projekty/Unreal Engine/Survival/Content/LowPoly/Dark/Bed/Bed.uasset" 412
"../../../../../../Projekty/Unreal Engine/Survival/Content/LowPoly/Trees/Leaves.uasset" 413
"../../../Engine/Content/Functions/Engine_MaterialFunctions01/WorldPositionOffset/SimpleGrassWind.uasset" 414
"../../../../../../Projekty/Unreal Engine/Survival/Content/LowPoly/Grass/grass3DMat.uasset" 415
"../../../../../../Projekty/Unreal Engine/Survival/Content/LowPoly/Grass/Grass.uasset" 416
"../../../../../../Projekty/Unreal Engine/Survival/Content/Blueprints/ItemActors/GrassItemBP.uasset" 417
"../../../../../../Projekty/Unreal Engine/Survival/Content/Textures/UI/ItemIcons/GrassIcon.uasset" 418
"../../../../../../Projekty/Unreal Engine/Survival/Content/DataAssets/Items/GrassItem.uasset" 419
"../../../../../../Projekty/Unreal Engine/Survival/Content/Blueprints/Building/Furnitures/Built/BedToBuildBP.uasset" 420
"../../../../../../Projekty/Unreal Engine/Survival/Content/Blueprints/Building/Furnitures/Prototypes/BedPrototypeBP.uasset" 421
"../../../../../../Projekty/Unreal Engine/Survival/Content/Textures/UI/BuildingsIcons/Wall.uasset" 422
"../../../../../../Projekty/Unreal Engine/Survival/Content/Blueprints/Building/Architecture/Prototypes/WallPrototypeBP.uasset" 423
"../../../../../../Projekty/Unreal Engine/Survival/Content/Textures/UI/BuildingsIcons/FloorIcon.uasset" 424
"../../../../../../Projekty/Unreal Engine/Survival/Content/Blueprints/Building/Architecture/Prototypes/FloorPrototypeBP.uasset" 425
"../../../../../../Projekty/Unreal Engine/Survival/Content/Blueprints/UI/Building/BuildingWidget.uasset" 426
"../../../../../../Projekty/Unreal Engine/Survival/Content/Blueprints/UI/LostGameWidget.uasset" 427
"../../../../../../Projekty/Unreal Engine/Survival/Content/Blueprints/UI/UIManagerBP.uasset" 428
"../../../../../../Projekty/Unreal Engine/Survival/Content/Audio/Soundly/LostGame.uasset" 429
"../../../../../../Projekty/Unreal Engine/Survival/Content/Blueprints/Crew/PlayerBaseEntranceBP.uasset" 430
"../../../../../../Projekty/Unreal Engine/Survival/Content/Blueprints/Crew/CharacterExitBP.uasset" 431
"../../../../../../Projekty/Unreal Engine/Survival/Content/Blueprints/AI/Trader/TraderBB.uasset" 432
"../../../../../../Projekty/Unreal Engine/Survival/Content/Blueprints/AI/Trader/TraderBT.uasset" 433
"../../../../../../Projekty/Unreal Engine/Survival/Content/Blueprints/AI/CharacterVariations/MarkCharacter.uasset" 434
"../../../../../../Projekty/Unreal Engine/Survival/Content/Textures/UI/NPC_Faces/JasonFace.uasset" 435
"../../../../../../Projekty/Unreal Engine/Survival/Content/DataAssets/Personalities/Introverted.uasset" 436
"../../../../../../Projekty/Unreal Engine/Survival/Content/DataAssets/NPCData/JasonData.uasset" 437
"../../../../../../Projekty/Unreal Engine/Survival/Content/LowPoly/Dark/Character/BaseCharacter/Materials/Shirt2.uasset" 438
"../../../../../../Projekty/Unreal Engine/Survival/Content/LowPoly/Dark/Character/BaseCharacter/Materials/SharedMaterials/SkinDark.uasset" 439
"../../../../../../Projekty/Unreal Engine/Survival/Content/LowPoly/Dark/Character/BaseCharacter/Materials/Legs2.uasset" 440
"../../../../../../Projekty/Unreal Engine/Survival/Content/LowPoly/Dark/Character/BaseCharacter/Materials/Hair2.uasset" 441
"../../../../../../Projekty/Unreal Engine/Survival/Content/Blueprints/AI/CharacterVariations/JasonCharacter.uasset" 442
"../../../../../../Projekty/Unreal Engine/Survival/Content/Blueprints/AI/NPC_BB.uasset" 443
"../../../../../../Projekty/Unreal Engine/Survival/Content/Blueprints/AI/BTTask_Interact.uasset" 444
"../../../../../../Projekty/Unreal Engine/Survival/Content/Blueprints/AI/BTTask_GiveRequiredItems.uasset" 445
"../../../../../../Projekty/Unreal Engine/Survival/Content/Blueprints/AI/BTDecorator_IsTargetBuildable.uasset" 446
"../../../../../../Projekty/Unreal Engine/Survival/Content/Blueprints/AI/BTDecorator_IsInteractionTypeEqual.uasset" 447
"../../../../../../Projekty/Unreal Engine/Survival/Content/Blueprints/AI/BTDecorator_BuildableHasRequiredItems.uasset" 448
"../../../../../../Projekty/Unreal Engine/Survival/Content/Blueprints/AI/NPC_BT.uasset" 449
"../../../../../../Projekty/Unreal Engine/Survival/Content/Blueprints/Crew/CrewManagerBP.uasset" 450
"../../../Engine/Content/EngineSky/T_Sky_Stars.uasset" 451
"../../../Engine/Content/EngineSky/T_Sky_Clouds_M.uasset" 452
"../../../Engine/Content/EngineSky/T_Sky_Blue.uasset" 453
"../../../Engine/Content/EngineSky/M_Sky_Panning_Clouds2.uasset" 454
"../../../Engine/Content/EngineSky/SM_SkySphere.uasset" 455
"../../../Engine/Content/EngineSky/C_Sky_Zenith_Color.uasset" 456
"../../../Engine/Content/EngineSky/C_Sky_Horizon_Color.uasset" 457
"../../../Engine/Content/EngineSky/C_Sky_Cloud_Color.uasset" 458
"../../../Engine/Content/EngineSky/BP_Sky_Sphere.uasset" 459
"../../../../../../Projekty/Unreal Engine/Survival/Content/Blueprints/BPSun.uasset" 460
"../../../../../../Projekty/Unreal Engine/Survival/Content/Audio/Soundly/Ambience__Birds__Singing_Birds__Early_Morning_SND11282_2.uasset" 461
"../../../../../../Projekty/Unreal Engine/Survival/Content/NaturePackage/Textures/flora/RConifer_D.uasset" 462
"../../../Engine/Content/Functions/Engine_MaterialFunctions01/Shading/FuzzyShading.uasset" 463
"../../../../../../Projekty/Unreal Engine/Survival/Content/NaturePackage/Textures/BaseTexture/base_gray_d.uasset" 464
"../../../../../../Projekty/Unreal Engine/Survival/Content/NaturePackage/Materials/BaseMaterial/Flora_back.uasset" 465
"../../../../../../Projekty/Unreal Engine/Survival/Content/NaturePackage/Materials/flora/RConifer.uasset" 466
"../../../../../../Projekty/Unreal Engine/Survival/Content/NaturePackage/Textures/flora/Conifer2_N.uasset" 467
"../../../../../../Projekty/Unreal Engine/Survival/Content/NaturePackage/Textures/flora/Conifer2_D.uasset" 468
"../../../../../../Projekty/Unreal Engine/Survival/Content/NaturePackage/Textures/BaseTexture/gradient_D.uasset" 469
"../../../Engine/Content/Functions/Engine_MaterialFunctions02/WorldPositionOffset/Wind.uasset" 470
"../../../Engine/Content/Functions/Engine_MaterialFunctions01/Vectors/RotateVector.uasset" 471
"../../../../../../Projekty/Unreal Engine/Survival/Content/NaturePackage/Textures/BaseTexture/base_flat_n.uasset" 472
"../../../../../../Projekty/Unreal Engine/Survival/Content/NaturePackage/Materials/BaseMaterial/Flora_twoSides.uasset" 473
"../../../../../../Projekty/Unreal Engine/Survival/Content/NaturePackage/Materials/flora/conifer_4.uasset" 474
"../../../../../../Projekty/Unreal Engine/Survival/Content/NaturePackage/Textures/flora/ConiferBark_n.uasset" 475
"../../../../../../Projekty/Unreal Engine/Survival/Content/NaturePackage/Textures/flora/ConiferBark_D.uasset" 476
"../../../../../../Projekty/Unreal Engine/Survival/Content/NaturePackage/Textures/BaseTexture/Mask1.uasset" 477
"../../../Engine/Content/Functions/Engine_MaterialFunctions02/Math/MultiplyAdd.uasset" 478
"../../../../../../Projekty/Unreal Engine/Survival/Content/NaturePackage/Textures/BaseTexture/base_white_d.uasset" 479
"../../../Engine/Content/Functions/Engine_MaterialFunctions02/Utility/BlendAngleCorrectedNormals.uasset" 480
"../../../../../../Projekty/Unreal Engine/Survival/Content/NaturePackage/Materials/BaseMaterial/bese_material.uasset" 481
"../../../../../../Projekty/Unreal Engine/Survival/Content/NaturePackage/Materials/flora/ConiferBark.uasset" 482
"../../../../../../Projekty/Unreal Engine/Survival/Content/NaturePackage/Meshes/RescaledFlora/Conifer7.uasset" 483
"../../../../../../Projekty/Unreal Engine/Survival/Content/NaturePackage/Meshes/RescaledFlora/Conifer3.uasset" 484
"../../../../../../Projekty/Unreal Engine/Survival/Content/NaturePackage/Meshes/RescaledFlora/Conifer1.uasset" 485
"../../../../../../Projekty/Unreal Engine/Survival/Content/Models/qwe/HumanLowPhehewwwwww_PhysicsAsset.uasset" 486
"../../../../../../Projekty/Unreal Engine/Survival/Content/Models/qwe/Skin.uasset" 487
"../../../../../../Projekty/Unreal Engine/Survival/Content/Models/qwe/Shoes.uasset" 488
"../../../../../../Projekty/Unreal Engine/Survival/Content/Models/qwe/Shirt.uasset" 489
"../../../../../../Projekty/Unreal Engine/Survival/Content/Models/qwe/Legs.uasset" 490
"../../../Engine/Content/EngineMeshes/Humanoid.uasset" 491
"../../../../../../Projekty/Unreal Engine/Survival/Content/GenericNPCAnimPack/Character/Mesh/UE4_Mannequin_Skeleton.uasset" 492
"../../../../../../Projekty/Unreal Engine/Survival/Content/Models/qwe/HumanLowPhehewwwwww.uasset" 493
"../../../../../../Projekty/Unreal Engine/Survival/Content/Models/HumanNew/HumanWTF.uasset" 494
"../../../../../../Projekty/Unreal Engine/Survival/Content/LowPoly/Trees/LeavesWind.uasset" 495
"../../../../../../Projekty/Unreal Engine/Survival/Content/LowPoly/Trees/TreeLeaves.uasset" 496
"../../../../../../Projekty/Unreal Engine/Survival/Content/LowPoly/Trees/Branch.uasset" 497
"../../../../../../Projekty/Unreal Engine/Survival/Content/LowPoly/Trees/Tree.uasset" 498
"../../../../../../Projekty/Unreal Engine/Survival/Content/LowPoly/Style/StyleSmooth.uasset" 499
"../../../../../../Projekty/Unreal Engine/Survival/Content/LowPoly/Style/StyleFlat.uasset" 500
"../../../../../../Projekty/Unreal Engine/Survival/Content/LowPoly/Dark/Character/HumanLowPoly_Skeleton.uasset" 501
"../../../../../../Projekty/Unreal Engine/Survival/Content/LowPoly/Dark/Character/HumanLowPoly_PhysicsAsset.uasset" 502
"../../../../../../Projekty/Unreal Engine/Survival/Content/LowPoly/Dark/Character/proxy741.uasset" 503
"../../../../../../Projekty/Unreal Engine/Survival/Content/LowPoly/Dark/Character/HumanLowPoly.uasset" 504
"../../../../../../Projekty/Unreal Engine/Survival/Content/LowPoly/Characters/Skin.uasset" 505
"../../../../../../Projekty/Unreal Engine/Survival/Content/LowPoly/Characters/Shoes.uasset" 506
"../../../../../../Projekty/Unreal Engine/Survival/Content/LowPoly/Characters/Shirt.uasset" 507
"../../../../../../Projekty/Unreal Engine/Survival/Content/LowPoly/Characters/Legs.uasset" 508
"../../../../../../Projekty/Unreal Engine/Survival/Content/LowPoly/Characters/HumanLowP.uasset" 509
"../../../../../../Projekty/Unreal Engine/Survival/Content/LowPoly/Characters/A/HumanLowPolyWithAnim_PhysicsAsset.uasset" 510
"../../../../../../Projekty/Unreal Engine/Survival/Content/LowPoly/Characters/A/Skin.uasset" 511
"../../../../../../Projekty/Unreal Engine/Survival/Content/LowPoly/Characters/A/Shoes.uasset" 512
"../../../../../../Projekty/Unreal Engine/Survival/Content/LowPoly/Characters/A/Shirt.uasset" 513
"../../../../../../Projekty/Unreal Engine/Survival/Content/LowPoly/Characters/A/Legs.uasset" 514
"../../../../../../Projekty/Unreal Engine/Survival/Content/LowPoly/Characters/A/HumanLowPolyWithAnim_Skeleton.uasset" 515
"../../../../../../Projekty/Unreal Engine/Survival/Content/LowPoly/Characters/A/HumanLowPolyWithAnim.uasset" 516
"../../../../../../Projekty/Unreal Engine/Survival/Content/LowPoly/BushMat.uasset" 517
"../../../../../../Projekty/Unreal Engine/Survival/Content/LowPoly/Bush.uasset" 518
"../../../../../../Projekty/Unreal Engine/Survival/Content/Models/Human/humanue1.uasset" 519
"../../../../../../Projekty/Unreal Engine/Survival/Content/Materials/OutlineMaterial.uasset" 520
"../../../../../../Projekty/Unreal Engine/Survival/Content/LowPoly/GrassDarkMat.uasset" 521
"../../../../../../Projekty/Unreal Engine/Survival/Content/LowPoly/Characters/A/Skin_2.uasset" 522
"../../../../../../Projekty/Unreal Engine/Survival/Content/LowPoly/Characters/A/Shirt_2.uasset" 523
"../../../../../../Projekty/Unreal Engine/Survival/Content/LowPoly/Characters/A/Legs_2.uasset" 524
"../../../../../../Projekty/Unreal Engine/Survival/Content/Levels/MainLevel_BuiltData.uasset" 525
"../../../Engine/Content/BasicShapes/BasicShapeMaterial.uasset" 526
"../../../../../../Projekty/Unreal Engine/Survival/Content/LowPoly/Dark/Character/HumanLowPoly_Anim.uasset" 527
"../../../../../../Projekty/Unreal Engine/Survival/Content/LowPoly/Dark/Tree/Wood.uasset" 528
"../../../../../../Projekty/Unreal Engine/Survival/Content/LowPoly/Dark/Tree/Tree.uasset" 529
"../../../../../../Projekty/Unreal Engine/Survival/Content/Blueprints/Interactable/Destructible/RockBP.uasset" 530
"../../../../../../Projekty/Unreal Engine/Survival/Content/LowPoly/Trees/NormalTrees/1/NormalTree1.uasset" 531
"../../../../../../Projekty/Unreal Engine/Survival/Content/Blueprints/Interactable/Destructible/NormalTreeBP.uasset" 532
"../../../../../../Projekty/Unreal Engine/Survival/Content/Blueprints/Interactable/Destructible/GrassBP.uasset" 533
"../../../../../../Projekty/Unreal Engine/Survival/Content/GenericNPCAnimPack/Animations/Anim_Body_Stretch_1.uasset" 534
"../../../../../../Projekty/Unreal Engine/Survival/Content/Blueprints/UI/Scavenge/ScavengePointWidget.uasset" 535
"../../../../../../Projekty/Unreal Engine/Survival/Content/Blueprints/Scavenge/ScavengePointBP.uasset" 536
"../../../../../../Projekty/Unreal Engine/Survival/Content/Blueprints/Interactable/Destructible/TreeBP.uasset" 537
"../../../../../../Projekty/Unreal Engine/Survival/Content/Geometry/Meshes/CubeMaterial.uasset" 538
"../../../../../../Projekty/Unreal Engine/Survival/Content/Geometry/Meshes/1M_Cube.uasset" 539
"../../../../../../Projekty/Unreal Engine/Survival/Content/Blueprints/Interactable/ChestBP.uasset" 540
"../../../Engine/Content/BasicShapes/Cube.uasset" 541
"../../../../../../Projekty/Unreal Engine/Survival/Content/Materials/Road.uasset" 542
"../../../../../../Projekty/Unreal Engine/Survival/Content/Blueprints/Dialogs/EventTest.uasset" 543
"../../../../../../Projekty/Unreal Engine/Survival/Content/DataAssets/Dialogs/TestDialogueData.uasset" 544
"../../../../../../Projekty/Unreal Engine/Survival/Content/DataAssets/Dialogs/TestDialogData.uasset" 545
"../../../../../../Projekty/Unreal Engine/Survival/Content/Blueprints/Dialogs/TestDialogActor.uasset" 546
"../../../../../../Projekty/Unreal Engine/Survival/Content/Levels/MainLevel.umap" 547
"../../../Engine/Content/EngineMaterials/DefaultPhysicalMaterial.uasset" 548
"../../../../../../Projekty/Unreal Engine/Survival/Content/Levels/MainMenu_BuiltData.uasset" 549
"../../../../../../Projekty/Unreal Engine/Survival/Content/LowPoly/Trees/TallTree.uasset" 550
"../../../../../../Projekty/Unreal Engine/Survival/Content/Textures/UI/buttonBackground.uasset" 551
"../../../../../../Projekty/Unreal Engine/Survival/Content/Blueprints/UI/MainMenu/MainMenuWidget.uasset" 552
"../../../../../../Projekty/Unreal Engine/Survival/Content/Blueprints/MainMenu/MainMenuPlayerBP.uasset" 553
"../../../../../../Projekty/Unreal Engine/Survival/Content/Blueprints/MainMenu/MainMenuGameMode.uasset" 554
"../../../../../../Projekty/Unreal Engine/Survival/Content/Levels/MainMenu.umap" 555
"../../../../../../Projekty/Unreal Engine/Survival/Content/Audio/Soundly/ForestBackgroundMusic.uasset" 556
"../../../../../../Projekty/Unreal Engine/Survival/Content/Levels/ForestLevel_BuiltData.uasset" 557
"../../../../../../Projekty/Unreal Engine/Survival/Content/GrenadePack/Physical_Materials/Dirt.uasset" 558
"../../../../../../Projekty/Unreal Engine/Survival/Content/GrenadePack/MapAssets/ExampleContent/Audio/Physical_Materials/Metal.uasset" 559
"../../../../../../Projekty/Unreal Engine/Survival/Content/GrenadePack/MapAssets/ExampleContent/Audio/Physical_Materials/Rubber.uasset" 560
"../../../../../../Projekty/Unreal Engine/Survival/Content/GrenadePack/MapAssets/DemoRoom/Materials/M_DemoWall.uasset" 561
"../../../../../../Projekty/Unreal Engine/Survival/Content/GrenadePack/MapAssets/DemoRoom/Materials/M_DemoWall_Inst.uasset" 562
"../../../../../../Projekty/Unreal Engine/Survival/Content/GrenadePack/MapAssets/DemoRoom/Materials/M_DemoWall_Inst_3.uasset" 563
"../../../../../../Projekty/Unreal Engine/Survival/Content/GrenadePack/MapAssets/DemoRoom/Materials/M_DemoWall_Inst_NamePlate.uasset" 564
"../../../../../../Projekty/Unreal Engine/Survival/Content/GrenadePack/Physical_Materials/M_Dirt_Inst.uasset" 565
"../../../../../../Projekty/Unreal Engine/Survival/Content/LowPoly/Trees/TallTrees/TallTree1.uasset" 566
"../../../../../../Projekty/Unreal Engine/Survival/Content/Blueprints/Interactable/Destructible/TallTreeBP.uasset" 567
"../../../../../../Projekty/Unreal Engine/Survival/Content/Levels/ForestLevel.umap" 568
"../../../Engine/Content/Maps/Entry_BuiltData.uasset" 569
"../../../Engine/Content/Maps/Entry.umap" 570
